#
# An unexpected error has been detected by Java Runtime Environment:
#
#  EXCEPTION_ACCESS_VIOLATION (0xc0000005) at pc=0x79992d10, pid=1260, tid=3076
#
# Java VM: Java HotSpot(TM) Client VM (11.2-b01 mixed mode windows-x86)
# Problematic frame:
# C  [awt.dll+0xa2d10]
#
# If you would like to submit a bug report, please visit:
#   http://java.sun.com/webapps/bugreport/crash.jsp
# The crash happened outside the Java Virtual Machine in native code.
# See problematic frame for where to report the bug.
#

---------------  T H R E A D  ---------------

Current thread (0x18ce2c00):  JavaThread "AWT-EventQueue-0" [_thread_in_native, id=3076, stack(0x19af0000,0x19b70000)]

siginfo: ExceptionCode=0xc0000005, reading address 0x00000004

Registers:
EAX=0x0000000d, EBX=0x18c45050, ECX=0x00000000, EDX=0x76ec64f4
ESP=0x19b6ee84, EBP=0x754361d0, ESI=0x5d0102f9, EDI=0x18fc5110
EIP=0x79992d10, EFLAGS=0x00010293

Top of Stack: (sp=0x19b6ee84)
0x19b6ee84:   79956a0a 5d0102f9 19b6f400 18ce2d14
0x19b6ee94:   19b6f3a0 18fc5110 7993c46e 18ce2d14
0x19b6eea4:   18fc5110 1f54b308 7993c491 00000001
0x19b6eeb4:   18ce2c00 18ce2d14 7995408c 18ce2d14
0x19b6eec4:   19b6f400 18ce2c00 00000000 00000000
0x19b6eed4:   0c3ea8f8 0cb73b38 0b66ad48 0c17be58
0x19b6eee4:   1f54b308 0b66ac28 00000001 125db258
0x19b6eef4:   18d73370 19b6ef28 089d67c8 0cb56028 

Instructions: (pc=0x79992d10)
0x79992d00:   8b 41 04 8b 80 0c 0c 00 00 c3 cc cc cc cc cc cc
0x79992d10:   8b 49 04 85 c9 74 05 e9 94 81 fe ff 33 c0 c2 04 


Stack: [0x19af0000,0x19b70000],  sp=0x19b6ee84,  free space=507k
Native frames: (J=compiled Java code, j=interpreted, Vv=VM code, C=native code)
C  [awt.dll+0xa2d10]

Java frames: (J=compiled Java code, j=interpreted, Vv=VM code)
J  sun.java2d.windows.GDIBlitLoops.nativeBlit(Lsun/java2d/SurfaceData;Lsun/java2d/SurfaceData;Lsun/java2d/pipe/Region;IIIIIIIIIZ)V
J  sun.java2d.windows.GDIBlitLoops.Blit(Lsun/java2d/SurfaceData;Lsun/java2d/SurfaceData;Ljava/awt/Composite;Lsun/java2d/pipe/Region;IIIIII)V
J  sun.java2d.pipe.DrawImage.blitSurfaceData(Lsun/java2d/SunGraphics2D;Lsun/java2d/pipe/Region;Lsun/java2d/SurfaceData;Lsun/java2d/SurfaceData;Lsun/java2d/loops/SurfaceType;Lsun/java2d/loops/SurfaceType;IIIIIILjava/awt/Color;)V
J  sun.java2d.pipe.DrawImage.renderImageCopy(Lsun/java2d/SunGraphics2D;Ljava/awt/Image;Ljava/awt/Color;IIIIII)Z
J  sun.java2d.pipe.DrawImage.copyImage(Lsun/java2d/SunGraphics2D;Ljava/awt/Image;IILjava/awt/Color;)Z
J  sun.java2d.pipe.DrawImage.copyImage(Lsun/java2d/SunGraphics2D;Ljava/awt/Image;IILjava/awt/Color;Ljava/awt/image/ImageObserver;)Z
J  sun.java2d.pipe.ValidatePipe.copyImage(Lsun/java2d/SunGraphics2D;Ljava/awt/Image;IILjava/awt/Color;Ljava/awt/image/ImageObserver;)Z
J  sun.java2d.SunGraphics2D.drawImage(Ljava/awt/Image;IILjava/awt/Color;Ljava/awt/image/ImageObserver;)Z
J  sun.java2d.SunGraphics2D.drawImage(Ljava/awt/Image;IILjava/awt/image/ImageObserver;)Z
J  javax.swing.RepaintManager$PaintManager.paintDoubleBuffered(Ljavax/swing/JComponent;Ljava/awt/Image;Ljava/awt/Graphics;IIII)V
J  javax.swing.RepaintManager$PaintManager.paint(Ljavax/swing/JComponent;Ljavax/swing/JComponent;Ljava/awt/Graphics;IIII)Z
J  javax.swing.BufferStrategyPaintManager.paint(Ljavax/swing/JComponent;Ljavax/swing/JComponent;Ljava/awt/Graphics;IIII)Z
J  javax.swing.RepaintManager.paint(Ljavax/swing/JComponent;Ljavax/swing/JComponent;Ljava/awt/Graphics;IIII)V
J  javax.swing.JComponent.paint(Ljava/awt/Graphics;)V
J  java.awt.GraphicsCallback$PaintCallback.run(Ljava/awt/Component;Ljava/awt/Graphics;)V
j  sun.awt.SunGraphicsCallback.runOneComponent(Ljava/awt/Component;Ljava/awt/Rectangle;Ljava/awt/Graphics;Ljava/awt/Shape;I)V+155
J  sun.awt.SunGraphicsCallback.runComponents([Ljava/awt/Component;Ljava/awt/Graphics;I)V
j  java.awt.Container.paint(Ljava/awt/Graphics;)V+73
J  javax.swing.RepaintManager.paintDirtyRegions(Ljava/util/Map;)V
J  javax.swing.RepaintManager.paintDirtyRegions()V
J  javax.swing.RepaintManager.seqPaintDirtyRegions()V
J  javax.swing.SystemEventQueueUtilities$ComponentWorkRequest.run()V
J  java.awt.event.InvocationEvent.dispatch()V
J  java.awt.EventQueue.dispatchEvent(Ljava/awt/AWTEvent;)V
J  java.awt.EventDispatchThread.pumpOneEventForFilters(I)Z
J  java.awt.EventDispatchThread.pumpEventsForFilter(ILjava/awt/Conditional;Ljava/awt/EventFilter;)V
j  java.awt.EventDispatchThread.pumpEventsForHierarchy(ILjava/awt/Conditional;Ljava/awt/Component;)V+11
j  java.awt.EventDispatchThread.pumpEvents(ILjava/awt/Conditional;)V+4
j  java.awt.EventDispatchThread.pumpEvents(Ljava/awt/Conditional;)V+3
j  java.awt.EventDispatchThread.run()V+9
v  ~StubRoutines::call_stub

---------------  P R O C E S S  ---------------

Java Threads: ( => current thread )
  0x1913f000 JavaThread "Thread-775" [_thread_blocked, id=3556, stack(0x055b0000,0x05630000)]
  0x19140000 JavaThread "Timer-MWTextView caret" [_thread_blocked, id=2168, stack(0x1aa20000,0x1aaa0000)]
  0x19141800 JavaThread "pool-2-thread-1" [_thread_blocked, id=3784, stack(0x056a0000,0x05720000)]
  0x1913f800 JavaThread "Thread-264" [_thread_in_native, id=640, stack(0x2c7a0000,0x2cfa0000)]
  0x19140800 JavaThread "Foxtrot Multi Worker Thread Runner #1" daemon [_thread_blocked, id=2308, stack(0x1a360000,0x1a3e0000)]
  0x1913ec00 JavaThread "Active Reference Queue Daemon" daemon [_thread_blocked, id=3136, stack(0x1ae20000,0x1aea0000)]
  0x1913c800 JavaThread "Timer-7" daemon [_thread_blocked, id=3964, stack(0x1ac20000,0x1aca0000)]
  0x1913e400 JavaThread "FelixPackageAdmin" daemon [_thread_blocked, id=2352, stack(0x1ada0000,0x1ae20000)]
  0x1913e000 JavaThread "FelixStartLevel" daemon [_thread_blocked, id=1312, stack(0x1ad20000,0x1ada0000)]
  0x1913d800 JavaThread "FelixDispatchQueue" daemon [_thread_blocked, id=1924, stack(0x1aca0000,0x1ad20000)]
  0x1913d400 JavaThread "Timer-6" daemon [_thread_blocked, id=1252, stack(0x1aaa0000,0x1ab20000)]
  0x19085c00 JavaThread "Prefs Updater" daemon [_thread_blocked, id=3272, stack(0x1a9a0000,0x1aa20000)]
  0x19087c00 JavaThread "Timer-1" [_thread_blocked, id=3668, stack(0x19cd0000,0x19d50000)]
  0x18ce3400 JavaThread "TimerQueue" daemon [_thread_blocked, id=624, stack(0x19b80000,0x19c00000)]
=>0x18ce2c00 JavaThread "AWT-EventQueue-0" [_thread_in_native, id=3076, stack(0x19af0000,0x19b70000)]
  0x18d46400 JavaThread "AWT-Windows" daemon [_thread_in_native, id=3828, stack(0x19650000,0x196d0000)]
  0x18d42000 JavaThread "AWT-Shutdown" [_thread_blocked, id=3452, stack(0x195d0000,0x19650000)]
  0x18d41800 JavaThread "Java2D Disposer" daemon [_thread_blocked, id=2736, stack(0x19550000,0x195d0000)]
  0x186c8c00 JavaThread "Timer-0" [_thread_blocked, id=3804, stack(0x18800000,0x18880000)]
  0x18648400 JavaThread "JMI Unnamed Thread" [_thread_in_native, id=828, stack(0x04b20000,0x05320000)]
  0x0815b000 JavaThread "Low Memory Detector" daemon [_thread_blocked, id=840, stack(0x17d80000,0x17e00000)]
  0x08157400 JavaThread "CompilerThread0" daemon [_thread_blocked, id=3492, stack(0x17580000,0x17d80000)]
  0x0814b800 JavaThread "Attach Listener" daemon [_thread_blocked, id=1308, stack(0x163c0000,0x16440000)]
  0x08131c00 JavaThread "Finalizer" daemon [_thread_blocked, id=3684, stack(0x16340000,0x163c0000)]
  0x0812d400 JavaThread "Reference Handler" daemon [_thread_blocked, id=1516, stack(0x162c0000,0x16340000)]
  0x07e8e000 JavaThread "main" [_thread_in_native, id=2684, stack(0x00430000,0x00c30000)]

Other Threads:
  0x08128800 VMThread [stack: 0x16d80000,0x17580000] [id=1968]
  0x08165800 WatcherThread [stack: 0x17e00000,0x18600000] [id=2372]

VM state:not at safepoint (normal execution)

VM Mutex/Monitor currently owned by a thread: None

Heap
 def new generation   total 29312K, used 21718K [0x0a170000, 0x0c130000, 0x0c170000)
  eden space 26112K,  83% used [0x0a170000, 0x0b6a0b70, 0x0baf0000)
  from space 3200K,   0% used [0x0be10000, 0x0be14ca0, 0x0c130000)
  to   space 3200K,   0% used [0x0baf0000, 0x0baf0000, 0x0be10000)
 tenured generation   total 97344K, used 56609K [0x0c170000, 0x12080000, 0x12170000)
   the space 97344K,  58% used [0x0c170000, 0x0f8b8670, 0x0f8b8800, 0x12080000)
 compacting perm gen  total 41216K, used 41149K [0x12170000, 0x149b0000, 0x16170000)
   the space 41216K,  99% used [0x12170000, 0x1499f5c8, 0x1499f600, 0x149b0000)
No shared spaces configured.

Dynamic libraries:
0x00400000 - 0x00425000 	C:\Program Files\MATLAB\R2010a\bin\win32\MATLAB.exe
0x76e80000 - 0x76fbc000 	C:\Windows\SYSTEM32\ntdll.dll
0x766e0000 - 0x767b4000 	C:\Windows\system32\kernel32.dll
0x750d0000 - 0x7511a000 	C:\Windows\system32\KERNELBASE.dll
0x7b940000 - 0x7b9ec000 	C:\Program Files\MATLAB\R2010a\bin\win32\libut.dll
0x76ff0000 - 0x7701a000 	C:\Windows\system32\imagehlp.dll
0x752e0000 - 0x7538c000 	C:\Windows\system32\msvcrt.dll
0x752d0000 - 0x752d5000 	C:\Windows\system32\PSAPI.DLL
0x7bfa0000 - 0x7bfbf000 	C:\Program Files\MATLAB\R2010a\bin\win32\LIBEXPAT.dll
0x000e0000 - 0x0017b000 	C:\Windows\WinSxS\x86_microsoft.vc80.crt_1fc8b3b9a1e18e3b_8.0.50727.6195_none_d09154e044272b9a\MSVCR80.dll
0x7bd50000 - 0x7be38000 	C:\Program Files\MATLAB\R2010a\bin\win32\icuuc40.dll
0x769d0000 - 0x76a70000 	C:\Windows\system32\ADVAPI32.dll
0x759a0000 - 0x759b9000 	C:\Windows\SYSTEM32\sechost.dll
0x75550000 - 0x755f1000 	C:\Windows\system32\RPCRT4.dll
0x7b4b0000 - 0x7b4b4000 	C:\Program Files\MATLAB\R2010a\bin\win32\icudt40.dll
0x7b4c0000 - 0x7b4cc000 	C:\Program Files\MATLAB\R2010a\bin\win32\icuio40.dll
0x7b670000 - 0x7b768000 	C:\Program Files\MATLAB\R2010a\bin\win32\icuin40.dll
0x002b0000 - 0x00337000 	C:\Windows\WinSxS\x86_microsoft.vc80.crt_1fc8b3b9a1e18e3b_8.0.50727.6195_none_d09154e044272b9a\MSVCP80.dll
0x75480000 - 0x75549000 	C:\Windows\system32\USER32.dll
0x75430000 - 0x7547e000 	C:\Windows\system32\GDI32.dll
0x768c0000 - 0x768ca000 	C:\Windows\system32\LPK.dll
0x76820000 - 0x768bd000 	C:\Windows\system32\USP10.dll
0x78770000 - 0x787ee000 	C:\Program Files\MATLAB\R2010a\bin\win32\libmwfl.dll
0x7d160000 - 0x7d16e000 	C:\Program Files\MATLAB\R2010a\bin\win32\boost_date_time-vc80-mt-1_36.dll
0x7d330000 - 0x7d346000 	C:\Program Files\MATLAB\R2010a\bin\win32\boost_filesystem-vc80-mt-1_36.dll
0x7c500000 - 0x7c507000 	C:\Program Files\MATLAB\R2010a\bin\win32\boost_system-vc80-mt-1_36.dll
0x7d050000 - 0x7d060000 	C:\Program Files\MATLAB\R2010a\bin\win32\boost_signals-vc80-mt-1_36.dll
0x7b4a0000 - 0x7b4ac000 	C:\Program Files\MATLAB\R2010a\bin\win32\boost_thread-vc80-mt-1_36.dll
0x7ba50000 - 0x7bc63000 	C:\Program Files\MATLAB\R2010a\bin\win32\libmwservices.dll
0x7b9f0000 - 0x7ba4d000 	C:\Program Files\MATLAB\R2010a\bin\win32\libmx.dll
0x78c90000 - 0x78ca3000 	C:\Program Files\MATLAB\R2010a\bin\win32\zlib1.dll
0x7bc70000 - 0x7bd47000 	C:\Program Files\MATLAB\R2010a\bin\win32\libmwmathutil.dll
0x79e30000 - 0x79e6a000 	C:\Program Files\MATLAB\R2010a\bin\win32\mpath.dll
0x7c0a0000 - 0x7c166000 	C:\Program Files\MATLAB\R2010a\bin\win32\mlutil.dll
0x7cfb0000 - 0x7d00e000 	C:\Program Files\MATLAB\R2010a\bin\win32\xmlcore.dll
0x79720000 - 0x798e2000 	C:\Program Files\MATLAB\R2010a\bin\win32\xerces-c_2_7.dll
0x75960000 - 0x75995000 	C:\Windows\system32\WS2_32.dll
0x75420000 - 0x75426000 	C:\Windows\system32\NSI.dll
0x75a90000 - 0x766d9000 	C:\Windows\system32\SHELL32.dll
0x767c0000 - 0x76817000 	C:\Windows\system32\SHLWAPI.dll
0x78720000 - 0x7874e000 	C:\Program Files\MATLAB\R2010a\bin\win32\tbb.dll
0x75240000 - 0x752c4000 	C:\Windows\WinSxS\x86_microsoft.windows.common-controls_6595b64144ccf1df_5.82.7600.16385_none_ebf82fc36c758ad5\COMCTL32.dll
0x759c0000 - 0x75a3b000 	C:\Windows\system32\comdlg32.dll
0x73850000 - 0x73861000 	C:\Windows\system32\NETAPI32.dll
0x73840000 - 0x73849000 	C:\Windows\system32\netutils.dll
0x74c00000 - 0x74c19000 	C:\Windows\system32\srvcli.dll
0x73830000 - 0x7383f000 	C:\Windows\system32\wkscli.dll
0x7a0e0000 - 0x7a144000 	C:\Program Files\MATLAB\R2010a\bin\win32\mcr.dll
0x7e890000 - 0x7e8a9000 	C:\Program Files\MATLAB\R2010a\bin\win32\libmwi18n.dll
0x7b4d0000 - 0x7b539000 	C:\Program Files\MATLAB\R2010a\bin\win32\iqm.dll
0x7a6c0000 - 0x7ab7b000 	C:\Program Files\MATLAB\R2010a\bin\win32\m_interpreter.dll
0x7b550000 - 0x7b561000 	C:\Program Files\MATLAB\R2010a\bin\win32\libmex.dll
0x79fb0000 - 0x7a017000 	C:\Program Files\MATLAB\R2010a\bin\win32\m_dispatcher.dll
0x7d280000 - 0x7d31d000 	C:\Program Files\MATLAB\R2010a\bin\win32\boost_regex-vc80-mt-1_36.dll
0x79ec0000 - 0x79f1b000 	C:\Program Files\MATLAB\R2010a\bin\win32\profiler.dll
0x7b5d0000 - 0x7b5f2000 	C:\Program Files\MATLAB\R2010a\bin\win32\libmwmathrng.dll
0x78c00000 - 0x78c12000 	C:\Program Files\MATLAB\R2010a\bin\win32\m_pcodeio.dll
0x79df0000 - 0x79e27000 	C:\Program Files\MATLAB\R2010a\bin\win32\m_ir.dll
0x7a1d0000 - 0x7a6bd000 	C:\Program Files\MATLAB\R2010a\bin\win32\m_parser.dll
0x7b540000 - 0x7b54e000 	C:\Program Files\MATLAB\R2010a\bin\win32\ir_xfmr.dll
0x787f0000 - 0x7894e000 	C:\Program Files\MATLAB\R2010a\bin\win32\mcos.dll
0x7b610000 - 0x7b61a000 	C:\Program Files\MATLAB\R2010a\bin\win32\mtok.dll
0x78be0000 - 0x78bfa000 	C:\Program Files\MATLAB\R2010a\bin\win32\m_pcodegen.dll
0x7e810000 - 0x7e844000 	C:\Program Files\MATLAB\R2010a\bin\win32\libmwspmatrix.dll
0x7e850000 - 0x7e871000 	C:\Program Files\MATLAB\R2010a\bin\win32\libmwbridge.dll
0x7b180000 - 0x7b209000 	C:\Program Files\MATLAB\R2010a\bin\win32\udd.dll
0x7be40000 - 0x7bf3f000 	C:\Program Files\MATLAB\R2010a\bin\win32\libmwgui.dll
0x78cf0000 - 0x7914f000 	C:\Program Files\MATLAB\R2010a\bin\win32\hg.dll
0x78b60000 - 0x78b92000 	C:\Program Files\MATLAB\R2010a\bin\win32\libmat.dll
0x7b770000 - 0x7b939000 	C:\Program Files\MATLAB\R2010a\bin\win32\libhdf5.dll
0x79d40000 - 0x79d96000 	C:\Program Files\MATLAB\R2010a\bin\win32\jmi.dll
0x79a40000 - 0x79a70000 	C:\Program Files\MATLAB\R2010a\bin\win32\libmwhardcopy.dll
0x79da0000 - 0x79de3000 	C:\Program Files\MATLAB\R2010a\bin\win32\libuij.dll
0x78630000 - 0x7871f000 	C:\Program Files\MATLAB\R2010a\bin\win32\hgdatatypes.dll
0x785c0000 - 0x78628000 	C:\Program Files\MATLAB\R2010a\bin\win32\hgutils.dll
0x78ba0000 - 0x78bd4000 	C:\Program Files\MATLAB\R2010a\bin\win32\libmwlapack.dll
0x7b580000 - 0x7b58e000 	C:\Program Files\MATLAB\R2010a\bin\win32\libmwbinder.dll
0x7b210000 - 0x7b492000 	C:\Program Files\MATLAB\R2010a\bin\win32\uiw.dll
0x7b660000 - 0x7b669000 	C:\Program Files\MATLAB\R2010a\bin\win32\uinone.dll
0x00e50000 - 0x00f5f000 	C:\Windows\WinSxS\x86_microsoft.vc80.mfc_1fc8b3b9a1e18e3b_8.0.50727.6195_none_cbf5e994470a1a8f\MFC80.DLL
0x70da0000 - 0x70df1000 	C:\Windows\system32\WINSPOOL.DRV
0x75600000 - 0x7575c000 	C:\Windows\system32\ole32.dll
0x77020000 - 0x770af000 	C:\Windows\system32\OLEAUT32.dll
0x7a150000 - 0x7a1cc000 	C:\Program Files\MATLAB\R2010a\bin\win32\udd_mi.dll
0x78c20000 - 0x78c37000 	C:\Program Files\MATLAB\R2010a\bin\win32\mwoles05.DLL
0x79e70000 - 0x79eb9000 	C:\Program Files\MATLAB\R2010a\bin\win32\comcli.dll
0x00f90000 - 0x00fab000 	C:\Windows\WinSxS\x86_microsoft.vc80.atl_1fc8b3b9a1e18e3b_8.0.50727.6195_none_d1cb102c435421de\ATL80.DLL
0x7b600000 - 0x7b60b000 	C:\Program Files\MATLAB\R2010a\bin\win32\mlautoregister.dll
0x76fc0000 - 0x76fdf000 	C:\Windows\system32\IMM32.DLL
0x76db0000 - 0x76e7c000 	C:\Windows\system32\MSCTF.dll
0x74fd0000 - 0x74fdb000 	C:\Windows\system32\profapi.dll
0x74f20000 - 0x74f2c000 	C:\Windows\system32\CRYPTBASE.dll
0x02ff0000 - 0x03030000 	C:\Program Files\TeamViewer\tv_w32.dll
0x74a30000 - 0x74a39000 	C:\Windows\system32\VERSION.dll
0x73df0000 - 0x73f8e000 	C:\Windows\WinSxS\x86_microsoft.windows.common-controls_6595b64144ccf1df_6.0.7600.16385_none_421189da2b7fabfc\comctl32.dll
0x757c0000 - 0x7595d000 	C:\Windows\system32\SETUPAPI.dll
0x75070000 - 0x75097000 	C:\Windows\system32\CFGMGR32.dll
0x75050000 - 0x75062000 	C:\Windows\system32\DEVOBJ.dll
0x75390000 - 0x75413000 	C:\Windows\system32\CLBCatQ.DLL
0x74250000 - 0x74345000 	C:\Windows\system32\propsys.dll
0x74a00000 - 0x74a21000 	C:\Windows\system32\ntmarta.dll
0x75a40000 - 0x75a85000 	C:\Windows\system32\WLDAP32.dll
0x73240000 - 0x7325c000 	C:\Windows\system32\iphlpapi.dll
0x73230000 - 0x73237000 	C:\Windows\system32\WINNSI.DLL
0x74660000 - 0x746a4000 	C:\Windows\system32\DNSAPI.dll
0x70510000 - 0x70522000 	C:\Windows\system32\dhcpcsvc.DLL
0x70500000 - 0x7050d000 	C:\Windows\system32\dhcpcsvc6.DLL
0x73de0000 - 0x73de3000 	C:\Windows\system32\icmp.Dll
0x79ae0000 - 0x79d36000 	C:\Program Files\MATLAB\R2010a\sys\java\jre\win32\jre\bin\client\jvm.dll
0x73540000 - 0x73572000 	C:\Windows\system32\WINMM.dll
0x7bfc0000 - 0x7c016000 	C:\Program Files\MATLAB\R2010a\bin\win32\MSVCR71.dll
0x74ed0000 - 0x74f1b000 	C:\Windows\system32\apphelp.dll
0x07e90000 - 0x07f7b000 	C:\Windows\system32\dbghelp.dll
0x79f70000 - 0x79f78000 	C:\Program Files\MATLAB\R2010a\sys\java\jre\win32\jre\bin\hpi.dll
0x79f90000 - 0x79f9c000 	C:\Program Files\MATLAB\R2010a\sys\java\jre\win32\jre\bin\verify.dll
0x78cb0000 - 0x78ccf000 	C:\Program Files\MATLAB\R2010a\sys\java\jre\win32\jre\bin\java.dll
0x79fa0000 - 0x79faf000 	C:\Program Files\MATLAB\R2010a\sys\java\jre\win32\jre\bin\zip.dll
0x78c40000 - 0x78c5e000 	C:\Program Files\MATLAB\R2010a\bin\win32\nativejava.dll
0x16220000 - 0x16232000 	C:\Windows\system32\MPR.dll
0x78c60000 - 0x78c85000 	C:\Program Files\MATLAB\R2010a\bin\win32\nativejmi.dll
0x7b650000 - 0x7b65a000 	C:\Program Files\MATLAB\R2010a\bin\win32\nativeservices.dll
0x798f0000 - 0x79a3a000 	C:\Program Files\MATLAB\R2010a\sys\java\jre\win32\jre\bin\awt.dll
0x73a90000 - 0x73aa3000 	C:\Windows\system32\DWMAPI.DLL
0x7a020000 - 0x7a074000 	C:\Program Files\MATLAB\R2010a\sys\java\jre\win32\jre\bin\fontmanager.dll
0x78cd0000 - 0x78ce3000 	C:\Program Files\MATLAB\R2010a\sys\java\jre\win32\jre\bin\net.dll
0x747a0000 - 0x747dc000 	C:\Windows\system32\mswsock.dll
0x74790000 - 0x74796000 	C:\Windows\System32\wship6.dll
0x79f80000 - 0x79f89000 	C:\Program Files\MATLAB\R2010a\sys\java\jre\win32\jre\bin\nio.dll

VM Arguments:
jvm_args: -Xss512k -XX:PermSize=32m -Xms64m -XX:NewRatio=3 -XX:MaxPermSize=64m -Xmx128m -XX:MaxDirectMemorySize=1200000000 -Dsun.java2d.noddraw=true -Dsun.awt.nopixfmt=true -Xshare:off -Xrs -Djava.library.path=C:\Program Files\MATLAB\R2010a\bin\win32 vfprintf abort 
java_command: <unknown>
Launcher Type: generic

Environment Variables:
PATH=C:\Program Files\MATLAB\R2010a\sys\java\jre\win32\jre\bin;C:\Program Files\MATLAB\R2010a\sys\webrenderer\windows\corecomponents;C:\Program Files\MATLAB\R2010a\sys\webrenderer\windows;C:\Program Files\NVIDIA GPU Computing Toolkit\CUDA\v5.0\bin\;C:\Program Files\NVIDIA GPU Computing Toolkit\CUDA\v5.0\libnvvp\;C:\Program Files\OSSBuild\GStreamer\v0.10.6\sdk\bin;C:\Program Files\OSSBuild\GStreamer\v0.10.6\bin;C:\Windows\system32;C:\Windows;C:\Windows\System32\Wbem;C:\Windows\System32\WindowsPowerShell\v1.0\;C:\Program Files\MATLAB\R2010a\runtime\win32;C:\Program Files\MATLAB\R2010a\bin;C:\Program Files\MATLAB\R2008a\bin;C:\Program Files\MATLAB\R2008a\bin\win32;C:\Program Files\Microsoft SQL Server\100\Tools\Binn\;C:\Program Files\Microsoft SQL Server\100\DTS\Binn\;C:\Program Files\GitExtensions\;C:\Program Files\Skype\Phone\
USERNAME=Daniel
OS=Windows_NT
PROCESSOR_IDENTIFIER=x86 Family 6 Model 30 Stepping 5, GenuineIntel



---------------  S Y S T E M  ---------------

OS: Windows NT 6.1 Build 7600 

CPU:total 8 (8 cores per cpu, 2 threads per core) family 6 model 14 stepping 5, cmov, cx8, fxsr, mmx, sse, sse2, sse3, ssse3, ht

Memory: 4k page, physical 3141104k(1931204k free), swap 4194303k(4194303k free)

vm_info: Java HotSpot(TM) Client VM (11.2-b01) for windows-x86 JRE (1.6.0_12-b04), built on Jan 17 2009 09:57:14 by "java_re" with MS VC++ 7.1

time: Mon Feb 15 15:13:02 2016
elapsed time: 98286 seconds

